<?xml version="1.0" encoding="UTF-8"?>
<!-- Generated by org.testng.reporters.JUnitXMLReporter -->
<testsuite ignored="0" hostname="DESKTOP-3RHQS1L" failures="0" tests="4" name="Test" time="0.074" errors="0" timestamp="2024-05-17T14:13:11 IST">
  <testcase classname="practiceParallelMethodsExecution.parallelMethTest2" name="method4" time="0.014"/>
  <testcase classname="practiceParallelMethodsExecution.parallelMethTest" name="method1" time="0.014"/>
  <testcase classname="practiceParallelMethodsExecution.parallelMethTest" name="method2" time="0.014"/>
  <testcase classname="practiceParallelMethodsExecution.parallelMethTest2" name="method3" time="0.015"/>
</testsuite> <!-- Test -->
