<?xml version="1.0" encoding="UTF-8"?>
<!-- Generated by org.testng.reporters.JUnitXMLReporter -->
<testsuite ignored="0" hostname="DESKTOP-3RHQS1L" failures="0" tests="4" name="Test2" time="0.02" errors="0" timestamp="2024-05-18T15:12:56 IST">
  <testcase classname="practice.testNG.tstNGPriority" name="testSample3" time="0.001"/>
  <testcase classname="practice.testNG.tstNGPriority" name="testSample1" time="0.002"/>
  <testcase classname="practice.testNG.tstNGPriority" name="testSample2" time="0.002"/>
  <testcase classname="practice.testNG.tstNGPriority" name="testSample4" time="0.0"/>
</testsuite> <!-- Test2 -->
